<?xml version="1.0" encoding="UTF-8"?>
<testsuite xmlns:xsi="http://www.w3.org/2001/XMLSchema-instance" xsi:noNamespaceSchemaLocation="https://maven.apache.org/surefire/maven-surefire-plugin/xsd/surefire-test-report.xsd" version="3.0.2" name="com.wcdk.process.WcdkProcessAutoConfigurationTests" time="1.299" tests="10" errors="0" skipped="0" failures="0" flakes="0">
  <properties>
[...]
</properties>
  <testcase name="shouldRequireCompleteBindingWhenDeployModel" classname="com.wcdk.process.WcdkProcessAutoConfigurationTests" time="0.149"/>
  <testcase name="shouldRejectCallbackWhenWcdkAuthHeaderDoesNotMatchConfiguredValue" classname="com.wcdk.process.WcdkProcessAutoConfigurationTests" time="0.301"/>
  <testcase name="shouldInvokeAnnotatedMethodWithRequestParameter" classname="com.wcdk.process.WcdkProcessAutoConfigurationTests" time="0.207"/>
  <testcase name="shouldAcceptRegisterCallbackWithServerEventPayload" classname="com.wcdk.process.WcdkProcessAutoConfigurationTests" time="0.09"/>
  <testcase name="shouldInvokeCallbackWhenWcdkAuthHeaderMatchesConfiguredValue" classname="com.wcdk.process.WcdkProcessAutoConfigurationTests" time="0.116"/>
  <testcase name="shouldUseHighestPrecedenceForAutoConfigurationRegistration" classname="com.wcdk.process.WcdkProcessAutoConfigurationTests" time="0.001"/>
  <testcase name="shouldInvokeAnnotatedMethodThroughUnifiedPrefixEndpoint" classname="com.wcdk.process.WcdkProcessAutoConfigurationTests" time="0.09"/>
  <testcase name="shouldBindWcdkProcessPropertiesAndExposeProcessBeanEndpoint" classname="com.wcdk.process.WcdkProcessAutoConfigurationTests" time="0.094"/>
  <testcase name="shouldInvokeReactiveAnnotatedMethod" classname="com.wcdk.process.WcdkProcessAutoConfigurationTests" time="0.077"/>
  <testcase name="shouldBindTaskInfoFieldsInCallbackPayload" classname="com.wcdk.process.WcdkProcessAutoConfigurationTests" time="0.089"/>
</testsuite>